{
    "【log_start】": "===================================================",
    "【log_message】": {
        "时间": "2019-07-07T06:01:13.871Z",
        "日志目录": "D:\\UnityFront\\UnityFrontUtils\\log\\1562428800000.log",
        "来源": {
            "控制器目录": "D:\\UnityFront\\UnityFrontUtils\\controller\\main",
            "控制器方法": "index"
        },
        "日志数据": [
            "sdasd",
            "Dfsdfs",
            {
                "a": 2,
                "n": [
                    123
                ],
                "d": {
                    "a": {
                        "da": "1222"
                    }
                }
            }
        ]
    },
    "【log_end】": "====================================================="
}


{
    "【log_start】": "===================================================",
    "【log_message】": {
        "时间": "2019-07-07T06:01:12.737Z",
        "日志目录": "D:\\UnityFront\\UnityFrontUtils\\log\\1562428800000.log",
        "来源": {
            "控制器目录": "D:\\UnityFront\\UnityFrontUtils\\controller\\main",
            "控制器方法": "index"
        },
        "日志数据": [
            "sdasd",
            "Dfsdfs",
            {
                "a": 2,
                "n": [
                    123
                ],
                "d": {
                    "a": {
                        "da": "1222"
                    }
                }
            }
        ]
    },
    "【log_end】": "====================================================="
}


{
    "【log_start】": "===================================================",
    "【log_message】": {
        "时间": "2019-07-07T06:01:11.660Z",
        "日志目录": "D:\\UnityFront\\UnityFrontUtils\\log\\1562428800000.log",
        "来源": {
            "控制器目录": "D:\\UnityFront\\UnityFrontUtils\\controller\\main",
            "控制器方法": "index"
        },
        "日志数据": [
            "sdasd",
            "Dfsdfs",
            {
                "a": 2,
                "n": [
                    123
                ],
                "d": {
                    "a": {
                        "da": "1222"
                    }
                }
            }
        ]
    },
    "【log_end】": "====================================================="
}


{
    "【log_start】": "===================================================",
    "【log_message】": {
        "时间": "2019-07-07T06:01:00.231Z",
        "日志目录": "D:\\UnityFront\\UnityFrontUtils\\log\\1562428800000.log",
        "来源": {
            "控制器目录": "D:\\UnityFront\\UnityFrontUtils\\controller\\main",
            "控制器方法": "index"
        },
        "日志数据": [
            "sdasd",
            "Dfsdfs",
            {
                "a": 2,
                "n": [
                    123
                ],
                "d": {
                    "a": {
                        "da": "1222"
                    }
                }
            }
        ]
    },
    "【log_end】": "====================================================="
}


{
    "【log_start】": "===================================================",
    "【log_message】": {
        "时间": "2019-07-07T06:00:59.184Z",
        "日志目录": "D:\\UnityFront\\UnityFrontUtils\\log\\1562428800000.log",
        "来源": {
            "控制器目录": "D:\\UnityFront\\UnityFrontUtils\\controller\\main",
            "控制器方法": "index"
        },
        "日志数据": [
            "sdasd",
            "Dfsdfs",
            {
                "a": 2,
                "n": [
                    123
                ],
                "d": {
                    "a": {
                        "da": "1222"
                    }
                }
            }
        ]
    },
    "【log_end】": "====================================================="
}


{
    "【log_start】": "===================================================",
    "【log_message】": {
        "时间": "2019-07-07T06:00:58.103Z",
        "日志目录": "D:\\UnityFront\\UnityFrontUtils\\log\\1562428800000.log",
        "来源": {
            "控制器目录": "D:\\UnityFront\\UnityFrontUtils\\controller\\main",
            "控制器方法": "index"
        },
        "日志数据": [
            "sdasd",
            "Dfsdfs",
            {
                "a": 2,
                "n": [
                    123
                ],
                "d": {
                    "a": {
                        "da": "1222"
                    }
                }
            }
        ]
    },
    "【log_end】": "====================================================="
}


{
    "【log_start】": "===================================================",
    "【log_message】": {
        "时间": "2019-07-07T06:00:55.892Z",
        "日志目录": "D:\\UnityFront\\UnityFrontUtils\\log\\1562428800000.log",
        "来源": {
            "控制器目录": "D:\\UnityFront\\UnityFrontUtils\\controller\\main",
            "控制器方法": "index"
        },
        "日志数据": [
            "sdasd",
            "Dfsdfs",
            {
                "a": 2,
                "n": [
                    123
                ],
                "d": {
                    "a": {
                        "da": "1222"
                    }
                }
            }
        ]
    },
    "【log_end】": "====================================================="
}


{
    "【log_start】": "===================================================",
    "【log_message】": {
        "时间": "2019-07-07T06:00:42.442Z",
        "日志目录": "D:\\UnityFront\\UnityFrontUtils\\log\\1562428800000.log",
        "来源": {
            "控制器目录": "D:\\UnityFront\\UnityFrontUtils\\controller\\main",
            "控制器方法": "index"
        },
        "日志数据": [
            "sdasd",
            "Dfsdfs",
            {
                "a": 2,
                "n": [
                    123
                ],
                "d": {
                    "a": {
                        "da": "1222"
                    }
                }
            }
        ]
    },
    "【log_end】": "====================================================="
}


{
    "【log_start】": "===================================================",
    "【log_message】": {
        "时间": "2019-07-07T06:00:36.199Z",
        "日志目录": "D:\\UnityFront\\UnityFrontUtils\\log\\1562428800000.log",
        "来源": {
            "控制器目录": "D:\\UnityFront\\UnityFrontUtils\\controller\\main",
            "控制器方法": "index"
        },
        "日志数据": [
            "sdasd",
            "Dfsdfs",
            {
                "a": 2,
                "n": [
                    123
                ],
                "d": {
                    "a": {
                        "da": "1222"
                    }
                }
            }
        ]
    },
    "【log_end】": "====================================================="
}


{
    "【log_start】": "===================================================",
    "【log_message】": {
        "时间": "2019-07-07T05:59:16.807Z",
        "日志目录": "D:\\UnityFront\\UnityFrontUtils\\log\\1562428800000.log",
        "来源": {
            "控制器目录": "D:\\UnityFront\\UnityFrontUtils\\controller\\main",
            "控制器方法": "index"
        },
        "日志数据": [
            "sdasd",
            "Dfsdfs",
            {
                "a": 2,
                "n": [
                    123
                ],
                "d": {
                    "a": {
                        "da": "1222"
                    }
                }
            }
        ]
    },
    "【log_end】": "====================================================="
}


{
    "【log_start】": "===================================================",
    "【log_message】": {
        "时间": "2019-07-07T05:59:11.867Z",
        "日志目录": "D:\\UnityFront\\UnityFrontUtils\\log\\1562428800000.log",
        "来源": {
            "控制器目录": "D:\\UnityFront\\UnityFrontUtils\\controller\\main",
            "控制器方法": "index"
        },
        "日志数据": [
            "sdasd",
            "Dfsdfs",
            {
                "a": 2,
                "n": [
                    123
                ],
                "d": {
                    "a": {
                        "da": "1222"
                    }
                }
            }
        ]
    },
    "【log_end】": "====================================================="
}


{
    "【log_start】": "===================================================",
    "【log_message】": {
        "时间": "2019-07-07T05:59:05.895Z",
        "日志目录": "D:\\UnityFront\\UnityFrontUtils\\log\\1562428800000.log",
        "来源": {
            "控制器目录": "D:\\UnityFront\\UnityFrontUtils\\controller\\main",
            "控制器方法": "index"
        },
        "日志数据": [
            "sdasd",
            "Dfsdfs",
            {
                "a": 2,
                "n": [
                    123
                ],
                "d": {
                    "a": {
                        "da": "1222"
                    }
                }
            }
        ]
    },
    "【log_end】": "====================================================="
}


{
    "【log_start】": "===================================================",
    "【log_message】": {
        "时间": "2019-07-07T05:57:58.575Z",
        "日志目录": "D:\\UnityFront\\UnityFrontUtils\\log\\1562428800000.log",
        "来源": {
            "控制器目录": "D:\\UnityFront\\UnityFrontUtils\\controller\\main",
            "控制器方法": "index"
        },
        "日志数据": [
            "sdasd",
            "Dfsdfs",
            {
                "a": 2,
                "n": [
                    123
                ],
                "d": {
                    "a": {
                        "da": "1222"
                    }
                }
            }
        ]
    },
    "【log_end】": "====================================================="
}


{
    "【log_start】": "===================================================",
    "【log_message】": {
        "时间": "2019-07-07T05:48:50.122Z",
        "日志目录": "D:\\UnityFront\\UnityFrontUtils\\log\\1562428800000.log",
        "来源": {
            "控制器目录": "D:\\UnityFront\\UnityFrontUtils\\controller\\main",
            "控制器方法": "index"
        },
        "日志数据": [
            "sdasd",
            "Dfsdfs",
            {
                "a": 2,
                "n": [
                    123
                ],
                "d": {
                    "a": {
                        "da": "1222"
                    }
                }
            }
        ]
    },
    "【log_end】": "====================================================="
}


{
    "【log_start】": "===================================================",
    "【log_message】": {
        "时间": "2019-07-07T05:18:29.911Z",
        "日志目录": "D:\\UnityFront\\UnityFrontUtils\\log\\1562428800000.log",
        "来源": {
            "控制器目录": "D:\\UnityFront\\UnityFrontUtils\\controller\\main",
            "控制器方法": "index"
        },
        "日志数据": [
            "sdasd",
            "Dfsdfs",
            {
                "a": 2,
                "n": [
                    123
                ],
                "d": {
                    "a": {
                        "da": "1222"
                    }
                }
            }
        ]
    },
    "【log_end】": "====================================================="
}


{
    "【log_start】": "===================================================",
    "【log_message】": {
        "时间": "2019-07-07T05:16:45.591Z",
        "日志目录": "D:\\UnityFront\\UnityFrontUtils\\log\\1562428800000.log",
        "来源": {
            "控制器目录": "D:\\UnityFront\\UnityFrontUtils\\controller\\main",
            "控制器方法": "index"
        },
        "日志数据": [
            "sdasd",
            "Dfsdfs",
            {
                "a": 2,
                "n": [
                    123
                ],
                "d": {
                    "a": {
                        "da": "1222"
                    }
                }
            }
        ]
    },
    "【log_end】": "====================================================="
}


{
    "【log_start】": "===================================================",
    "【log_message】": {
        "时间": "2019-07-07T05:16:36.259Z",
        "日志目录": "D:\\UnityFront\\UnityFrontUtils\\log\\1562428800000.log",
        "来源": {
            "控制器目录": "D:\\UnityFront\\UnityFrontUtils\\controller\\main",
            "控制器方法": "index"
        },
        "日志数据": [
            "sdasd",
            "Dfsdfs",
            {
                "a": 2,
                "n": [
                    123
                ],
                "d": {
                    "a": {
                        "da": "1222"
                    }
                }
            }
        ]
    },
    "【log_end】": "====================================================="
}


{
    "【log_start】": "===================================================",
    "【log_message】": {
        "时间": "2019-07-07T05:15:39.158Z",
        "日志目录": "D:\\UnityFront\\UnityFrontUtils\\log\\1562428800000.log",
        "来源": {
            "控制器目录": "D:\\UnityFront\\UnityFrontUtils\\controller\\main",
            "控制器方法": "index"
        },
        "日志数据": [
            "sdasd",
            "Dfsdfs",
            {
                "a": 2,
                "n": [
                    123
                ],
                "d": {
                    "a": {
                        "da": "1222"
                    }
                }
            }
        ]
    },
    "【log_end】": "====================================================="
}


{
    "【log_start】": "===================================================",
    "【log_message】": {
        "时间": "2019-07-07T05:14:08.100Z",
        "日志目录": "D:\\UnityFront\\UnityFrontUtils\\log\\1562428800000.log",
        "来源": {
            "控制器目录": "D:\\UnityFront\\UnityFrontUtils\\controller\\main",
            "控制器方法": "index"
        },
        "日志数据": [
            "sdasd",
            "Dfsdfs",
            {
                "a": 2,
                "n": [
                    123
                ],
                "d": {
                    "a": {
                        "da": "1222"
                    }
                }
            }
        ]
    },
    "【log_end】": "====================================================="
}


{
    "【log_start】": "===================================================",
    "【log_message】": {
        "时间": "2019-07-07T05:07:12.809Z",
        "日志目录": "D:\\UnityFront\\UnityFrontUtils\\log\\1562428800000.log",
        "来源": {
            "控制器目录": "D:\\UnityFront\\UnityFrontUtils\\controller\\main",
            "控制器方法": "index"
        },
        "日志数据": [
            "sdasd",
            "Dfsdfs",
            {
                "a": 2,
                "n": [
                    123
                ],
                "d": {
                    "a": {
                        "da": "1222"
                    }
                }
            }
        ]
    },
    "【log_end】": "====================================================="
}


{
    "【log_start】": "===================================================",
    "【log_message】": {
        "时间": "2019-07-07T05:06:43.357Z",
        "日志目录": "D:\\UnityFront\\UnityFrontUtils\\log\\1562428800000.log",
        "来源": {
            "控制器目录": "D:\\UnityFront\\UnityFrontUtils\\controller\\main",
            "控制器方法": "index"
        },
        "日志数据": [
            "sdasd",
            "Dfsdfs",
            {
                "a": 2,
                "n": [
                    123
                ],
                "d": {
                    "a": {
                        "da": "1222"
                    }
                }
            }
        ]
    },
    "【log_end】": "====================================================="
}


{
    "【log_start】": "===================================================",
    "【log_message】": {
        "时间": "2019-07-07T04:49:47.290Z",
        "日志目录": "D:\\UnityFront\\UnityFrontUtils\\log\\1562428800000.log",
        "来源": {
            "控制器目录": "D:\\UnityFront\\UnityFrontUtils\\controller\\main",
            "控制器方法": "index"
        },
        "日志数据": [
            "sdasd",
            "Dfsdfs",
            {
                "a": 2,
                "n": [
                    123
                ],
                "d": {
                    "a": {
                        "da": "1222"
                    }
                }
            }
        ]
    },
    "【log_end】": "====================================================="
}


{
    "【log_start】": "===================================================",
    "【log_message】": {
        "时间": "2019-07-07T04:32:07.617Z",
        "日志目录": "D:\\UnityFront\\UnityFrontUtils\\log\\1562428800000.log",
        "来源": {
            "控制器目录": "D:\\UnityFront\\UnityFrontUtils\\controller\\main",
            "控制器方法": "index"
        },
        "日志数据": [
            "sdasd",
            "Dfsdfs",
            {
                "a": 2,
                "n": [
                    123
                ],
                "d": {
                    "a": {
                        "da": "1222"
                    }
                }
            }
        ]
    },
    "【log_end】": "====================================================="
}


{
    "【log_start】": "===================================================",
    "【log_message】": {
        "时间": "2019-07-07T04:31:24.797Z",
        "日志目录": "D:\\UnityFront\\UnityFrontUtils\\log\\1562428800000.log",
        "来源": {
            "控制器目录": "D:\\UnityFront\\UnityFrontUtils\\controller\\main",
            "控制器方法": "index"
        },
        "日志数据": [
            "sdasd",
            "Dfsdfs",
            {
                "a": 2,
                "n": [
                    123
                ],
                "d": {
                    "a": {
                        "da": "1222"
                    }
                }
            }
        ]
    },
    "【log_end】": "====================================================="
}


{
    "【log_start】": "===================================================",
    "【log_message】": {
        "时间": "2019-07-07T04:30:23.396Z",
        "日志目录": "D:\\UnityFront\\UnityFrontUtils\\log\\1562428800000.log",
        "来源": {
            "控制器目录": "D:\\UnityFront\\UnityFrontUtils\\controller\\main",
            "控制器方法": "index"
        },
        "日志数据": "[\n    \"sdasd\",\n    \"Dfsdfs\",\n    {\n        \"a\": 2,\n        \"n\": [\n            123\n        ],\n        \"d\": {\n            \"a\": {\n                \"da\": \"1222\"\n            }\n        }\n    }\n]"
    },
    "【log_end】": "====================================================="
}


{
    "【log_start】": "===================================================",
    "【log_message】": {
        "时间": "2019-07-07T04:30:12.083Z",
        "日志目录": "D:\\UnityFront\\UnityFrontUtils\\log\\1562428800000.log",
        "来源": {
            "控制器目录": "D:\\UnityFront\\UnityFrontUtils\\controller\\main",
            "控制器方法": "index"
        },
        "日志数据": "[\n    \"sdasd\",\n    \"Dfsdfs\",\n    {\n        \"a\": 2,\n        \"n\": [\n            123\n        ],\n        \"d\": {\n            \"a\": {\n                \"da\": \"1222\"\n            }\n        }\n    }\n]"
    },
    "【log_end】": "====================================================="
}


{
    "【log_start】": "===================================================",
    "【log_message】": {
        "时间": "2019-07-07T04:30:01.058Z",
        "日志目录": "D:\\UnityFront\\UnityFrontUtils\\log\\1562428800000.log",
        "来源": {
            "控制器目录": "D:\\UnityFront\\UnityFrontUtils\\controller\\main",
            "控制器方法": "index"
        },
        "日志数据": "[\n    \"sdasd\",\n    \"Dfsdfs\",\n    {\n        \"a\": 2,\n        \"n\": [\n            123\n        ],\n        \"d\": {\n            \"a\": {\n                \"da\": \"1222\"\n            }\n        }\n    }\n]"
    },
    "【log_end】": "====================================================="
}


{
    "【log_start】": "===================================================",
    "【log_message】": {
        "时间": "2019-07-07T04:29:49.980Z",
        "日志目录": "D:\\UnityFront\\UnityFrontUtils\\log\\1562428800000.log",
        "来源": {
            "控制器目录": "D:\\UnityFront\\UnityFrontUtils\\controller\\main",
            "控制器方法": "index"
        },
        "日志数据": "[\n    \"sdasd\",\n    \"Dfsdfs\",\n    {\n        \"a\": 2,\n        \"n\": [\n            123\n        ],\n        \"d\": {\n            \"a\": {\n                \"da\": \"1222\"\n            }\n        }\n    }\n]"
    },
    "【log_end】": "====================================================="
}


{
    "【log_start】": "===================================================",
    "【log_message】": {
        "时间": "2019-07-07T04:28:11.954Z",
        "日志目录": "D:\\UnityFront\\UnityFrontUtils\\log\\1562428800000.log",
        "来源": {
            "控制器目录": "D:\\UnityFront\\UnityFrontUtils\\controller\\main",
            "控制器方法": "index"
        },
        "日志数据": "[\n    \"sdasd\",\n    \"Dfsdfs\",\n    {\n        \"a\": 2,\n        \"n\": [\n            123\n        ],\n        \"d\": {\n            \"a\": {\n                \"da\": \"1222\"\n            }\n        }\n    }\n]"
    },
    "【log_end】": "====================================================="
}


{
    "【log_start】": "===================================================",
    "【log_message】": {
        "时间": "2019-07-07T04:28:00.049Z",
        "日志目录": "D:\\UnityFront\\UnityFrontUtils\\log\\1562428800000.log",
        "来源": {
            "控制器目录": "D:\\UnityFront\\UnityFrontUtils\\controller\\main",
            "控制器方法": "index"
        },
        "日志数据": "[\n    \"sdasd\",\n    \"Dfsdfs\",\n    {\n        \"a\": 2,\n        \"n\": [\n            123\n        ],\n        \"d\": {\n            \"a\": {\n                \"da\": \"1222\"\n            }\n        }\n    }\n]"
    },
    "【log_end】": "====================================================="
}


{
    "【log_start】": "===================================================",
    "【log_message】": {
        "时间": "2019-07-07T04:25:16.188Z",
        "日志目录": "D:\\UnityFront\\UnityFrontUtils\\log\\1562428800000.log",
        "来源": {
            "控制器目录": "D:\\UnityFront\\UnityFrontUtils\\controller\\main",
            "控制器方法": "index"
        },
        "日志数据": "[\n    \"sdasd\",\n    \"Dfsdfs\",\n    {\n        \"a\": 2,\n        \"n\": [\n            123\n        ],\n        \"d\": {\n            \"a\": {\n                \"da\": \"1222\"\n            }\n        }\n    }\n]"
    },
    "【log_end】": "====================================================="
}


{
    "【log_start】": "===================================================",
    "【log_message】": {
        "时间": "2019-07-07T04:11:27.706Z",
        "日志目录": "D:\\UnityFront\\UnityFrontUtils\\log\\1562428800000.log",
        "来源": {
            "控制器目录": "D:\\UnityFront\\UnityFrontUtils\\controller\\main",
            "控制器方法": "index"
        },
        "日志数据": "[\n    \"sdasd\",\n    \"Dfsdfs\",\n    {\n        \"a\": 2,\n        \"n\": [\n            123\n        ],\n        \"d\": {\n            \"a\": {\n                \"da\": \"1222\"\n            }\n        }\n    }\n]"
    },
    "【log_end】": "====================================================="
}


{
    "【log_start】": "===================================================",
    "【log_message】": {
        "时间": "2019-07-07T04:08:02.130Z",
        "日志目录": "D:\\UnityFront\\UnityFrontUtils\\log\\1562428800000.log",
        "来源": {
            "控制器目录": "D:\\UnityFront\\UnityFrontUtils\\controller\\main",
            "控制器方法": "index"
        },
        "日志数据": "[\n    \"sdasd\",\n    \"Dfsdfs\",\n    {\n        \"a\": 2,\n        \"n\": [\n            123\n        ],\n        \"d\": {\n            \"a\": {\n                \"da\": \"1222\"\n            }\n        }\n    }\n]"
    },
    "【log_end】": "====================================================="
}


{
    "【log_start】": "===================================================",
    "【log_message】": {
        "时间": "2019-07-07T04:07:49.962Z",
        "日志目录": "D:\\UnityFront\\UnityFrontUtils\\log\\1562428800000.log",
        "来源": {
            "控制器目录": "D:\\UnityFront\\UnityFrontUtils\\controller\\main",
            "控制器方法": "index"
        },
        "日志数据": "[\n    \"sdasd\",\n    \"Dfsdfs\",\n    {\n        \"a\": 2,\n        \"n\": [\n            123\n        ],\n        \"d\": {\n            \"a\": {\n                \"da\": \"1222\"\n            }\n        }\n    }\n]"
    },
    "【log_end】": "====================================================="
}


