{
    "【log_start】": "===================================================",
    "【log_message】": {
        "时间": "2019-07-07 14:52:51 星期日 下午",
        "日志目录": "D:\\UnityFront\\UnityFrontUtils\\log\\2019-07-07.log",
        "来源": {
            "控制器目录": "D:\\UnityFront\\application\\pug\\Controller\\aaController.js",
            "控制器方法": "bb"
        },
        "日志数据": [
            "bb方法Pug测试"
        ]
    },
    "【log_end】": "====================================================="
}


{
    "【log_start】": "===================================================",
    "【log_message】": {
        "时间": "2019-07-07 14:52:26 星期日 下午",
        "日志目录": "D:\\UnityFront\\UnityFrontUtils\\log\\2019-07-07.log",
        "来源": {
            "控制器目录": "D:\\UnityFront\\application\\pug\\Controller\\aaController.js",
            "控制器方法": "bb"
        },
        "日志数据": [
            "bb方法Pug测试"
        ]
    },
    "【log_end】": "====================================================="
}


{
    "【log_start】": "===================================================",
    "【log_message】": {
        "时间": "2019-07-07 14:52:24 星期日 下午",
        "日志目录": "D:\\UnityFront\\UnityFrontUtils\\log\\2019-07-07.log",
        "来源": {
            "控制器目录": "D:\\UnityFront\\application\\pug\\Controller\\aaController.js",
            "控制器方法": "bb"
        },
        "日志数据": [
            "bb方法Pug测试"
        ]
    },
    "【log_end】": "====================================================="
}


{
    "【log_start】": "===================================================",
    "【log_message】": {
        "时间": "2019-07-07 14:51:00 星期日 下午",
        "日志目录": "D:\\UnityFront\\UnityFrontUtils\\log\\2019-07-07.log",
        "来源": {
            "控制器目录": "D:\\UnityFront\\application\\pug\\Controller\\aaController.js",
            "控制器方法": "bb"
        },
        "日志数据": [
            "bb方法Pug测试"
        ]
    },
    "【log_end】": "====================================================="
}


{
    "【log_start】": "===================================================",
    "【log_message】": {
        "时间": "2019-07-07 14:46:55 星期日 下午",
        "日志目录": "D:\\UnityFront\\UnityFrontUtils\\log\\2019-07-07.log",
        "来源": {
            "控制器目录": "D:\\UnityFront\\application\\pug\\Controller\\aaController.js",
            "控制器方法": "bb"
        },
        "日志数据": [
            "bb方法Pug测试"
        ]
    },
    "【log_end】": "====================================================="
}


{
    "【log_start】": "===================================================",
    "【log_message】": {
        "时间": "2019-07-07 14:46:40 星期日 下午",
        "日志目录": "D:\\UnityFront\\UnityFrontUtils\\log\\2019-07-07.log",
        "来源": {
            "控制器目录": "D:\\UnityFront\\application\\pug\\Controller\\aaController.js",
            "控制器方法": "bb"
        },
        "日志数据": [
            "bb方法Pug测试"
        ]
    },
    "【log_end】": "====================================================="
}


{
    "【log_start】": "===================================================",
    "【log_message】": {
        "时间": "2019-07-07 14:45:30 星期日 下午",
        "日志目录": "D:\\UnityFront\\UnityFrontUtils\\log\\2019-07-07.log",
        "来源": {
            "控制器目录": "D:\\UnityFront\\application\\pug\\Controller\\aaController.js",
            "控制器方法": "bb"
        },
        "日志数据": [
            "bb方法Pug测试"
        ]
    },
    "【log_end】": "====================================================="
}


{
    "【log_start】": "===================================================",
    "【log_message】": {
        "时间": "2019-07-07 14:44:56 星期日 下午",
        "日志目录": "D:\\UnityFront\\UnityFrontUtils\\log\\2019-07-07.log",
        "来源": {
            "控制器目录": "D:\\UnityFront\\application\\pug\\Controller\\aaController.js",
            "控制器方法": "bb"
        },
        "日志数据": [
            "bb方法Pug测试"
        ]
    },
    "【log_end】": "====================================================="
}


{
    "【log_start】": "===================================================",
    "【log_message】": {
        "时间": "2019-07-07 14:43:13 星期日 下午",
        "日志目录": "D:\\UnityFront\\UnityFrontUtils\\log\\2019-07-07.log",
        "来源": {
            "控制器目录": "D:\\UnityFront\\application\\pug\\Controller\\aaController.js",
            "控制器方法": "bb"
        },
        "日志数据": [
            "bb方法Pug测试"
        ]
    },
    "【log_end】": "====================================================="
}


{
    "【log_start】": "===================================================",
    "【log_message】": {
        "时间": "2019-07-07 14:42:48 星期日 下午",
        "日志目录": "D:\\UnityFront\\UnityFrontUtils\\log\\2019-07-07.log",
        "来源": {
            "控制器目录": "D:\\UnityFront\\application\\pug\\Controller\\aaController.js",
            "控制器方法": "bb"
        },
        "日志数据": [
            "bb方法Pug测试"
        ]
    },
    "【log_end】": "====================================================="
}


{
    "【log_start】": "===================================================",
    "【log_message】": {
        "时间": "2019-07-07 14:40:49 星期日 下午",
        "日志目录": "D:\\UnityFront\\UnityFrontUtils\\log\\2019-07-07.log",
        "来源": {
            "控制器目录": "D:\\UnityFront\\application\\pug\\Controller\\aaController.js",
            "控制器方法": "bb"
        },
        "日志数据": [
            "bb方法Pug测试"
        ]
    },
    "【log_end】": "====================================================="
}


{
    "【log_start】": "===================================================",
    "【log_message】": {
        "时间": "2019-07-07 14:39:04 星期日 下午",
        "日志目录": "D:\\UnityFront\\UnityFrontUtils\\log\\2019-07-07.log",
        "来源": {
            "控制器目录": "D:\\UnityFront\\application\\pug\\Controller\\aaController.js",
            "控制器方法": "bb"
        },
        "日志数据": [
            "bb方法Pug测试"
        ]
    },
    "【log_end】": "====================================================="
}


{
    "【log_start】": "===================================================",
    "【log_message】": {
        "时间": "2019-07-07 14:38:54 星期日 下午",
        "日志目录": "D:\\UnityFront\\UnityFrontUtils\\log\\2019-07-07.log",
        "来源": {
            "控制器目录": "D:\\UnityFront\\application\\pug\\Controller\\aaController.js",
            "控制器方法": "bb"
        },
        "日志数据": [
            "bb方法Pug测试"
        ]
    },
    "【log_end】": "====================================================="
}


{
    "【log_start】": "===================================================",
    "【log_message】": {
        "时间": "2019-07-07 14:30:15 星期日 下午",
        "日志目录": "D:\\UnityFront\\UnityFrontUtils\\log\\2019-07-07.log",
        "来源": {
            "控制器目录": "D:\\UnityFront\\application\\pug\\Controller\\aaController.js",
            "控制器方法": "bb"
        },
        "日志数据": [
            "bb方法Pug测试"
        ]
    },
    "【log_end】": "====================================================="
}


{
    "【log_start】": "===================================================",
    "【log_message】": {
        "时间": "2019-07-07 14:28:33 星期日 下午",
        "日志目录": "D:\\UnityFront\\UnityFrontUtils\\log\\2019-07-07.log",
        "来源": {
            "控制器目录": "D:\\UnityFront\\application\\pug\\Controller\\aaController.js",
            "控制器方法": "bb"
        },
        "日志数据": [
            "bbPug测试"
        ]
    },
    "【log_end】": "====================================================="
}


{
    "【log_start】": "===================================================",
    "【log_message】": {
        "时间": "2019-07-07 14:25:47 星期日 下午",
        "日志目录": "D:\\UnityFront\\UnityFrontUtils\\log\\2019-07-07.log",
        "来源": {
            "控制器目录": "D:\\UnityFront\\application\\pug\\Controller\\IndexController.js",
            "控制器方法": "index"
        },
        "日志数据": [
            "Pug测试"
        ]
    },
    "【log_end】": "====================================================="
}


{
    "【log_start】": "===================================================",
    "【log_message】": {
        "时间": "2019-07-07 14:25:36 星期日 下午",
        "日志目录": "D:\\UnityFront\\UnityFrontUtils\\log\\2019-07-07.log",
        "来源": {
            "控制器目录": "D:\\UnityFront\\application\\pug\\Controller\\IndexController.js",
            "控制器方法": "index"
        },
        "日志数据": [
            "Pug测试"
        ]
    },
    "【log_end】": "====================================================="
}


{
    "【log_start】": "===================================================",
    "【log_message】": {
        "时间": "2019-07-07 14:23:44 星期日 下午",
        "日志目录": "D:\\UnityFront\\UnityFrontUtils\\log\\2019-07-07.log",
        "来源": {
            "控制器目录": "D:\\UnityFront\\UnityFrontUtils\\controller\\main",
            "控制器方法": "index"
        },
        "日志数据": [
            "sdasd",
            "Dfsdfs",
            {
                "a": 2,
                "n": [
                    123
                ],
                "d": {
                    "a": {
                        "da": "1222"
                    }
                }
            }
        ]
    },
    "【log_end】": "====================================================="
}


{
    "【log_start】": "===================================================",
    "【log_message】": {
        "时间": "2019-07-07 14:23:42 星期日 下午",
        "日志目录": "D:\\UnityFront\\UnityFrontUtils\\log\\2019-07-07.log",
        "来源": {
            "控制器目录": "D:\\UnityFront\\UnityFrontUtils\\controller\\main",
            "控制器方法": "index"
        },
        "日志数据": [
            "sdasd",
            "Dfsdfs",
            {
                "a": 2,
                "n": [
                    123
                ],
                "d": {
                    "a": {
                        "da": "1222"
                    }
                }
            }
        ]
    },
    "【log_end】": "====================================================="
}


{
    "【log_start】": "===================================================",
    "【log_message】": {
        "时间": "2019-07-07 14:22:53 星期日 下午",
        "日志目录": "D:\\UnityFront\\UnityFrontUtils\\log\\2019-07-07.log",
        "来源": {
            "控制器目录": "D:\\UnityFront\\UnityFrontUtils\\controller\\main",
            "控制器方法": "index"
        },
        "日志数据": [
            "sdasd",
            "Dfsdfs",
            {
                "a": 2,
                "n": [
                    123
                ],
                "d": {
                    "a": {
                        "da": "1222"
                    }
                }
            }
        ]
    },
    "【log_end】": "====================================================="
}


{
    "【log_start】": "===================================================",
    "【log_message】": {
        "时间": "2019-07-07 14:22:47 星期日 下午",
        "日志目录": "D:\\UnityFront\\UnityFrontUtils\\log\\2019-07-07.log",
        "来源": {
            "控制器目录": "D:\\UnityFront\\UnityFrontUtils\\controller\\main",
            "控制器方法": "index"
        },
        "日志数据": [
            "sdasd",
            "Dfsdfs",
            {
                "a": 2,
                "n": [
                    123
                ],
                "d": {
                    "a": {
                        "da": "1222"
                    }
                }
            }
        ]
    },
    "【log_end】": "====================================================="
}


{
    "【log_start】": "===================================================",
    "【log_message】": {
        "时间": "2019-07-07 14:22:39 星期日 下午",
        "日志目录": "D:\\UnityFront\\UnityFrontUtils\\log\\2019-07-07.log",
        "来源": {
            "控制器目录": "D:\\UnityFront\\UnityFrontUtils\\controller\\main",
            "控制器方法": "index"
        },
        "日志数据": [
            "sdasd",
            "Dfsdfs",
            {
                "a": 2,
                "n": [
                    123
                ],
                "d": {
                    "a": {
                        "da": "1222"
                    }
                }
            }
        ]
    },
    "【log_end】": "====================================================="
}


{
    "【log_start】": "===================================================",
    "【log_message】": {
        "时间": "2019-07-07 14:20:36 星期日 下午",
        "日志目录": "D:\\UnityFront\\UnityFrontUtils\\log\\2019-07-07.log",
        "来源": {
            "控制器目录": "D:\\UnityFront\\UnityFrontUtils\\controller\\main",
            "控制器方法": "index"
        },
        "日志数据": [
            "sdasd",
            "Dfsdfs",
            {
                "a": 2,
                "n": [
                    123
                ],
                "d": {
                    "a": {
                        "da": "1222"
                    }
                }
            }
        ]
    },
    "【log_end】": "====================================================="
}


{
    "【log_start】": "===================================================",
    "【log_message】": {
        "时间": "2019-07-07 14:20:06 星期日 下午",
        "日志目录": "D:\\UnityFront\\UnityFrontUtils\\log\\2019-07-07.log",
        "来源": {
            "控制器目录": "D:\\UnityFront\\UnityFrontUtils\\controller\\main",
            "控制器方法": "index"
        },
        "日志数据": [
            "sdasd",
            "Dfsdfs",
            {
                "a": 2,
                "n": [
                    123
                ],
                "d": {
                    "a": {
                        "da": "1222"
                    }
                }
            }
        ]
    },
    "【log_end】": "====================================================="
}


{
    "【log_start】": "===================================================",
    "【log_message】": {
        "时间": "2019-07-07 14:14:57 星期日 下午",
        "日志目录": "D:\\UnityFront\\UnityFrontUtils\\log\\2019-07-07.log",
        "来源": {
            "控制器目录": "D:\\UnityFront\\UnityFrontUtils\\controller\\main",
            "控制器方法": "index"
        },
        "日志数据": [
            "sdasd",
            "Dfsdfs",
            {
                "a": 2,
                "n": [
                    123
                ],
                "d": {
                    "a": {
                        "da": "1222"
                    }
                }
            }
        ]
    },
    "【log_end】": "====================================================="
}


{
    "【log_start】": "===================================================",
    "【log_message】": {
        "时间": "2019-07-07 14:13:20 星期日 下午",
        "日志目录": "D:\\UnityFront\\UnityFrontUtils\\log\\2019-07-07.log",
        "来源": {
            "控制器目录": "D:\\UnityFront\\UnityFrontUtils\\controller\\main",
            "控制器方法": "index"
        },
        "日志数据": [
            "sdasd",
            "Dfsdfs",
            {
                "a": 2,
                "n": [
                    123
                ],
                "d": {
                    "a": {
                        "da": "1222"
                    }
                }
            }
        ]
    },
    "【log_end】": "====================================================="
}


{
    "【log_start】": "===================================================",
    "【log_message】": {
        "时间": "2019-07-07 14:13:01 星期日 下午",
        "日志目录": "D:\\UnityFront\\UnityFrontUtils\\log\\2019-07-07.log",
        "来源": {
            "控制器目录": "D:\\UnityFront\\UnityFrontUtils\\controller\\main",
            "控制器方法": "index"
        },
        "日志数据": [
            "sdasd",
            "Dfsdfs",
            {
                "a": 2,
                "n": [
                    123
                ],
                "d": {
                    "a": {
                        "da": "1222"
                    }
                }
            }
        ]
    },
    "【log_end】": "====================================================="
}


{
    "【log_start】": "===================================================",
    "【log_message】": {
        "时间": "2019-07-07 14:12:57 星期日 下午",
        "日志目录": "D:\\UnityFront\\UnityFrontUtils\\log\\2019-07-07.log",
        "来源": {
            "控制器目录": "D:\\UnityFront\\UnityFrontUtils\\controller\\main",
            "控制器方法": "index"
        },
        "日志数据": [
            "sdasd",
            "Dfsdfs",
            {
                "a": 2,
                "n": [
                    123
                ],
                "d": {
                    "a": {
                        "da": "1222"
                    }
                }
            }
        ]
    },
    "【log_end】": "====================================================="
}


{
    "【log_start】": "===================================================",
    "【log_message】": {
        "时间": "2019-07-07 14:05:54 星期日 下午",
        "日志目录": "D:\\UnityFront\\UnityFrontUtils\\log\\2019-07-07.log",
        "来源": {
            "控制器目录": "D:\\UnityFront\\UnityFrontUtils\\controller\\main",
            "控制器方法": "index"
        },
        "日志数据": [
            "sdasd",
            "Dfsdfs",
            {
                "a": 2,
                "n": [
                    123
                ],
                "d": {
                    "a": {
                        "da": "1222"
                    }
                }
            }
        ]
    },
    "【log_end】": "====================================================="
}


{
    "【log_start】": "===================================================",
    "【log_message】": {
        "时间": "2019-07-07T06:03:02.978Z",
        "日志目录": "D:\\UnityFront\\UnityFrontUtils\\log\\2019-07-07.log",
        "来源": {
            "控制器目录": "D:\\UnityFront\\UnityFrontUtils\\controller\\main",
            "控制器方法": "index"
        },
        "日志数据": [
            "sdasd",
            "Dfsdfs",
            {
                "a": 2,
                "n": [
                    123
                ],
                "d": {
                    "a": {
                        "da": "1222"
                    }
                }
            }
        ]
    },
    "【log_end】": "====================================================="
}


